Using pre-set license
Built from '2020.3/release' branch; Version is '2020.3.7f1 (dd97f2c94397) revision 14522354'; Using compiler version '192528614'; Build Type 'Release'
OS: 'Windows 10 Pro for Workstations; OS build 22000.258; Version 2009; 64bit' Language: 'ru' Physical Memory: 32682 MB
BatchMode: 1, IsHumanControllingUs: 0, StartBugReporterOnCrash: 0, Is64bit: 1, IsPro: 0

 COMMAND LINE ARGUMENTS:
C:\Program Files\Unity\Hub\Editor\2020.3.7f1\Editor\Unity.exe
-adb2
-batchMode
-noUpm
-name
AssetImportWorker0
-projectPath
C:/Users/fanuf/Downloads/Anti-rogue alarm
-logFile
Logs/AssetImportWorker0.log
-srvPort
55604
Successfully changed project path to: C:/Users/fanuf/Downloads/Anti-rogue alarm
C:/Users/fanuf/Downloads/Anti-rogue alarm
Using Asset Import Pipeline V2.
Refreshing native plugins compatible for Editor in 33.87 ms, found 1 plugins.
Preloading 0 native plugins for Editor in 0.00 ms.
Initialize engine version: 2020.3.7f1 (dd97f2c94397)
[Subsystems] Discovering subsystems at path C:/Program Files/Unity/Hub/Editor/2020.3.7f1/Editor/Data/Resources/UnitySubsystems
[Subsystems] Discovering subsystems at path C:/Users/fanuf/Downloads/Anti-rogue alarm/Assets
GfxDevice: creating device client; threaded=0
Direct3D:
    Version:  Direct3D 11.0 [level 11.1]
    Renderer: NVIDIA GeForce RTX 3060 Ti (ID=0x2486)
    Vendor:   
    VRAM:     8050 MB
    Driver:   30.0.14.9649
Initialize mono
Mono path[0] = 'C:/Program Files/Unity/Hub/Editor/2020.3.7f1/Editor/Data/Managed'
Mono path[1] = 'C:/Program Files/Unity/Hub/Editor/2020.3.7f1/Editor/Data/MonoBleedingEdge/lib/mono/unityjit'
Mono config path = 'C:/Program Files/Unity/Hub/Editor/2020.3.7f1/Editor/Data/MonoBleedingEdge/etc'
Using monoOptions --debugger-agent=transport=dt_socket,embedding=1,server=y,suspend=n,address=127.0.0.1:56704
Begin MonoManager ReloadAssembly
Registering precompiled unity dll's ...
Register platform support module: C:/Program Files/Unity/Hub/Editor/2020.3.7f1/Editor/Data/PlaybackEngines/WindowsStandaloneSupport/UnityEditor.WindowsStandalone.Extensions.dll
Registered in 0.001153 seconds.
Native extension for WindowsStandalone target not found
Refreshing native plugins compatible for Editor in 28.68 ms, found 1 plugins.
Preloading 0 native plugins for Editor in 0.00 ms.
Mono: successfully reloaded assembly
- Completed reload, in  0.882 seconds
Platform modules already initialized, skipping
Registering precompiled user dll's ...
Registered in 0.000630 seconds.
Begin MonoManager ReloadAssembly
Native extension for WindowsStandalone target not found
Refreshing native plugins compatible for Editor in 28.26 ms, found 1 plugins.
Preloading 0 native plugins for Editor in 0.00 ms.
Mono: successfully reloaded assembly
- Completed reload, in  0.734 seconds
Platform modules already initialized, skipping
========================================================================
Worker process is ready to serve import requests
Launched and connected shader compiler UnityShaderCompiler.exe after 0.02 seconds
Refreshing native plugins compatible for Editor in 0.32 ms, found 1 plugins.
Preloading 0 native plugins for Editor in 0.00 ms.
Unloading 1811 Unused Serialized files (Serialized files now loaded: 0)
System memory in use before: 84.8 MB.
System memory in use after: 84.9 MB.

Unloading 19 unused Assets to reduce memory usage. Loaded Objects now: 2258.
Total: 1.775200 ms (FindLiveObjects: 0.306200 ms CreateObjectMapping: 0.134600 ms MarkObjects: 1.285200 ms  DeleteObjects: 0.048400 ms)

========================================================================
Received Import Request.
  path: Assets/backgroundColorForest.png
  artifactKey: Guid(7cf1ea86893037c43b3699017b599e92) Importer(815301076,1909f56bfc062723c751e8b465ee728b)
Start importing Assets/backgroundColorForest.png using Guid(7cf1ea86893037c43b3699017b599e92) Importer(815301076,1909f56bfc062723c751e8b465ee728b)  -> (artifact id: '0d920b59c9bdfdf66ef4110f5954ae56') in 0.072719 seconds
  Import took 0.075150 seconds .

========================================================================
Received Import Request.
  Time since last request: 14.466786 seconds.
  path: Assets/Prefabs
  artifactKey: Guid(c841fe7f8965f4f4cbe673217e50c054) Importer(815301076,1909f56bfc062723c751e8b465ee728b)
Start importing Assets/Prefabs using Guid(c841fe7f8965f4f4cbe673217e50c054) Importer(815301076,1909f56bfc062723c751e8b465ee728b)  -> (artifact id: 'de6373dced62c32389b30f3c9c7046a7') in 0.006948 seconds
  Import took 0.009805 seconds .

========================================================================
Received Import Request.
  Time since last request: 0.603096 seconds.
  path: Assets/Audio effects
  artifactKey: Guid(b8acf86b1e8ef5c4dad90d0464375d16) Importer(815301076,1909f56bfc062723c751e8b465ee728b)
Start importing Assets/Audio effects using Guid(b8acf86b1e8ef5c4dad90d0464375d16) Importer(815301076,1909f56bfc062723c751e8b465ee728b)  -> (artifact id: 'ca9eaef19b757f14c7f13cc37d515832') in 0.007455 seconds
  Import took 0.009789 seconds .

========================================================================
Received Import Request.
  Time since last request: 0.494753 seconds.
  path: Assets/Animation
  artifactKey: Guid(2b0178c12a9cae04e9b9149b3a674d7d) Importer(815301076,1909f56bfc062723c751e8b465ee728b)
Start importing Assets/Animation using Guid(2b0178c12a9cae04e9b9149b3a674d7d) Importer(815301076,1909f56bfc062723c751e8b465ee728b)  -> (artifact id: 'b21842a0e35ebd956ed9d391a51cfd6f') in 0.005812 seconds
  Import took 0.008208 seconds .

========================================================================
Received Import Request.
  Time since last request: 4.489534 seconds.
  path: Assets/Scenes
  artifactKey: Guid(a8dcf6920382005488218909831b28be) Importer(815301076,1909f56bfc062723c751e8b465ee728b)
Start importing Assets/Scenes using Guid(a8dcf6920382005488218909831b28be) Importer(815301076,1909f56bfc062723c751e8b465ee728b)  -> (artifact id: '285eee971a0e58cfe26dc717ff970be1') in 0.005649 seconds
  Import took 0.007999 seconds .

========================================================================
Received Import Request.
  Time since last request: 0.767965 seconds.
  path: Assets/Scenes/SampleScene.unity
  artifactKey: Guid(2cda990e2423bbf4892e6590ba056729) Importer(815301076,1909f56bfc062723c751e8b465ee728b)
Start importing Assets/Scenes/SampleScene.unity using Guid(2cda990e2423bbf4892e6590ba056729) Importer(815301076,1909f56bfc062723c751e8b465ee728b)  -> (artifact id: '0cecd99cc817f169c8e28927db1911b5') in 0.006668 seconds
  Import took 0.009120 seconds .

========================================================================
Received Prepare
Registering precompiled user dll's ...
Registered in 0.000634 seconds.
Begin MonoManager ReloadAssembly
Native extension for WindowsStandalone target not found
Refreshing native plugins compatible for Editor in 0.31 ms, found 1 plugins.
Preloading 0 native plugins for Editor in 0.00 ms.
Mono: successfully reloaded assembly
- Completed reload, in  0.649 seconds
Platform modules already initialized, skipping
Refreshing native plugins compatible for Editor in 0.31 ms, found 1 plugins.
Preloading 0 native plugins for Editor in 0.00 ms.
Unloading 1801 Unused Serialized files (Serialized files now loaded: 0)
System memory in use before: 87.4 MB.
System memory in use after: 87.5 MB.

Unloading 7 unused Assets to reduce memory usage. Loaded Objects now: 2268.
Total: 1.818700 ms (FindLiveObjects: 0.207200 ms CreateObjectMapping: 0.072400 ms MarkObjects: 1.522400 ms  DeleteObjects: 0.015800 ms)

AssetImportWorkerClient::OnTransportError - code=2 error=End of file
